Arguments: 
  /Users/saidfatah/.nvm/versions/node/v15.14.0/bin/node /opt/homebrew/Cellar/yarn/1.22.17/libexec/bin/yarn.js add apollo-server-express express graphql reflect-metada type-graphql

PATH: 
  /Users/saidfatah/.nvm/versions/node/v15.14.0/bin:/opt/homebrew/bin:/opt/homebrew/sbin:/usr/local/bin:/usr/bin:/bin:/usr/sbin:/sbin:/Library/Apple/usr/bin:/Users/saidfatah/.nvm/versions/node/v15.14.0/bin:/opt/homebrew/bin:/opt/homebrew/sbin:/Users/saidfatah/Library/Android/sdk/emulator:/Users/saidfatah/Library/Android/sdk/tools:/Users/saidfatah/Library/Android/sdk/tools/bin:/Users/saidfatah/Library/Android/sdk/platform-tools:/opt/homebrew/bin:/Users/saidfatah/Library/Android/sdk/emulator:/Users/saidfatah/Library/Android/sdk/tools:/Users/saidfatah/Library/Android/sdk/tools/bin:/Users/saidfatah/Library/Android/sdk/platform-tools

Yarn version: 
  1.22.17

Node version: 
  15.14.0

Platform: 
  darwin arm64

Trace: 
  Error: https://registry.yarnpkg.com/reflect-metada: Not found
      at Request.params.callback [as _callback] (/opt/homebrew/Cellar/yarn/1.22.17/libexec/lib/cli.js:67029:18)
      at Request.self.callback (/opt/homebrew/Cellar/yarn/1.22.17/libexec/lib/cli.js:140883:22)
      at Request.emit (node:events:369:20)
      at Request.<anonymous> (/opt/homebrew/Cellar/yarn/1.22.17/libexec/lib/cli.js:141855:10)
      at Request.emit (node:events:369:20)
      at IncomingMessage.<anonymous> (/opt/homebrew/Cellar/yarn/1.22.17/libexec/lib/cli.js:141777:12)
      at Object.onceWrapper (node:events:475:28)
      at IncomingMessage.emit (node:events:381:22)
      at endReadableNT (node:internal/streams/readable:1307:12)
      at processTicksAndRejections (node:internal/process/task_queues:81:21)

npm manifest: 
  {
    "name": "typegql_server",
    "version": "1.0.0",
    "main": "index.js",
    "license": "MIT"
  }

yarn manifest: 
  No manifest

Lockfile: 
  No lockfile
